# JRE version: Java(TM) SE Runtime Environment (21.0.2+13) (build 21.0.2+13-LTS-58)
# Java VM: Java HotSpot(TM) 64-Bit Server VM (21.0.2+13-LTS-58, mixed mode, sharing, tiered, compressed oops, compressed class ptrs, g1 gc, windows-amd64)
GC Precious Log:
 CardTable entry size: 512
 Card Set container configuration: InlinePtr #cards 5 size 8 Array Of Cards #cards 12 size 40 Howl #buckets 4 coarsen threshold 1843 Howl Bitmap #cards 512 size 80 coarsen threshold 460 Card regions per heap region 1 cards per card region 2048
 CPUs: 4 total, 4 available
 Memory: 8144M
 Large Page Support: Disabled
 NUMA Support: Disabled
 Compressed Oops: Enabled (32-bit)
 Heap Region Size: 1M
 Heap Min Capacity: 8M
 Heap Initial Capacity: 128M
 Heap Max Capacity: 2038M
 Pre-touch: Disabled
 Parallel Workers: 4
 Concurrent Workers: 1
 Concurrent Refinement Workers: 4
 Periodic GC: Disabled
Heap:
 garbage-first heap   total 131072K, used 64671K [0x0000000080a00000, 0x0000000100000000)
  region size 1024K, 61 young (62464K), 2 survivors (2048K)
 Metaspace       used 11850K, committed 12032K, reserved 1114112K
  class space    used 1242K, committed 1344K, reserved 1048576K
GC Heap History (20 events):
Event: 450980.610 GC heap before
{Heap before GC invocations=208 (full 0):
 garbage-first heap   total 131072K, used 81056K [0x0000000080a00000, 0x0000000100000000)
  region size 1024K, 76 young (77824K), 2 survivors (2048K)
 Metaspace       used 11850K, committed 12032K, reserved 1114112K
  class space    used 1242K, committed 1344K, reserved 1048576K
}
Event: 450980.615 GC heap after
{Heap after GC invocations=209 (full 0):
 garbage-first heap   total 131072K, used 5279K [0x0000000080a00000, 0x0000000100000000)
  region size 1024K, 2 young (2048K), 2 survivors (2048K)
 Metaspace       used 11850K, committed 12032K, reserved 1114112K
  class space    used 1242K, committed 1344K, reserved 1048576K
}
Event: 453152.566 GC heap before
{Heap before GC invocations=209 (full 0):
 garbage-first heap   total 131072K, used 81055K [0x0000000080a00000, 0x0000000100000000)
  region size 1024K, 76 young (77824K), 2 survivors (2048K)
 Metaspace       used 11850K, committed 12032K, reserved 1114112K
  class space    used 1242K, committed 1344K, reserved 1048576K
}
Event: 453152.571 GC heap after
{Heap after GC invocations=210 (full 0):
 garbage-first heap   total 131072K, used 5279K [0x0000000080a00000, 0x0000000100000000)
  region size 1024K, 2 young (2048K), 2 survivors (2048K)
 Metaspace       used 11850K, committed 12032K, reserved 1114112K
  class space    used 1242K, committed 1344K, reserved 1048576K
}
Event: 455329.771 GC heap before
{Heap before GC invocations=210 (full 0):
 garbage-first heap   total 131072K, used 81055K [0x0000000080a00000, 0x0000000100000000)
  region size 1024K, 76 young (77824K), 2 survivors (2048K)
 Metaspace       used 11850K, committed 12032K, reserved 1114112K
  class space    used 1242K, committed 1344K, reserved 1048576K
}
Event: 455329.776 GC heap after
{Heap after GC invocations=211 (full 0):
 garbage-first heap   total 131072K, used 5336K [0x0000000080a00000, 0x0000000100000000)
  region size 1024K, 2 young (2048K), 2 survivors (2048K)
 Metaspace       used 11850K, committed 12032K, reserved 1114112K
  class space    used 1242K, committed 1344K, reserved 1048576K
}
Event: 457503.127 GC heap before
{Heap before GC invocations=211 (full 0):
 garbage-first heap   total 131072K, used 81112K [0x0000000080a00000, 0x0000000100000000)
  region size 1024K, 76 young (77824K), 2 survivors (2048K)
 Metaspace       used 11850K, committed 12032K, reserved 1114112K
  class space    used 1242K, committed 1344K, reserved 1048576K
}
Event: 457503.135 GC heap after
{Heap after GC invocations=212 (full 0):
 garbage-first heap   total 131072K, used 5337K [0x0000000080a00000, 0x0000000100000000)
  region size 1024K, 2 young (2048K), 2 survivors (2048K)
 Metaspace       used 11850K, committed 12032K, reserved 1114112K
  class space    used 1242K, committed 1344K, reserved 1048576K
}
Event: 459687.540 GC heap before
{Heap before GC invocations=212 (full 0):
 garbage-first heap   total 131072K, used 81113K [0x0000000080a00000, 0x0000000100000000)
  region size 1024K, 76 young (77824K), 2 survivors (2048K)
 Metaspace       used 11850K, committed 12032K, reserved 1114112K
  class space    used 1242K, committed 1344K, reserved 1048576K
}
Event: 459687.548 GC heap after
{Heap after GC invocations=213 (full 0):
 garbage-first heap   total 131072K, used 5279K [0x0000000080a00000, 0x0000000100000000)
  region size 1024K, 2 young (2048K), 2 survivors (2048K)
 Metaspace       used 11850K, committed 12032K, reserved 1114112K
  class space    used 1242K, committed 1344K, reserved 1048576K
}
Event: 461866.260 GC heap before
{Heap before GC invocations=213 (full 0):
 garbage-first heap   total 131072K, used 81055K [0x0000000080a00000, 0x0000000100000000)
  region size 1024K, 76 young (77824K), 2 survivors (2048K)
 Metaspace       used 11850K, committed 12032K, reserved 1114112K
  class space    used 1242K, committed 1344K, reserved 1048576K
}
Event: 461866.268 GC heap after
{Heap after GC invocations=214 (full 0):
 garbage-first heap   total 131072K, used 5338K [0x0000000080a00000, 0x0000000100000000)
  region size 1024K, 2 young (2048K), 2 survivors (2048K)
 Metaspace       used 11850K, committed 12032K, reserved 1114112K
  class space    used 1242K, committed 1344K, reserved 1048576K
}
Event: 464039.165 GC heap before
{Heap before GC invocations=214 (full 0):
 garbage-first heap   total 131072K, used 81114K [0x0000000080a00000, 0x0000000100000000)
  region size 1024K, 76 young (77824K), 2 survivors (2048K)
 Metaspace       used 11850K, committed 12032K, reserved 1114112K
  class space    used 1242K, committed 1344K, reserved 1048576K
}
Event: 464039.170 GC heap after
{Heap after GC invocations=215 (full 0):
 garbage-first heap   total 131072K, used 5337K [0x0000000080a00000, 0x0000000100000000)
  region size 1024K, 2 young (2048K), 2 survivors (2048K)
 Metaspace       used 11850K, committed 12032K, reserved 1114112K
  class space    used 1242K, committed 1344K, reserved 1048576K
}
Event: 466220.170 GC heap before
{Heap before GC invocations=215 (full 0):
 garbage-first heap   total 131072K, used 81113K [0x0000000080a00000, 0x0000000100000000)
  region size 1024K, 76 young (77824K), 2 survivors (2048K)
 Metaspace       used 11850K, committed 12032K, reserved 1114112K
  class space    used 1242K, committed 1344K, reserved 1048576K
}
Event: 466220.174 GC heap after
{Heap after GC invocations=216 (full 0):
 garbage-first heap   total 131072K, used 5337K [0x0000000080a00000, 0x0000000100000000)
  region size 1024K, 2 young (2048K), 2 survivors (2048K)
 Metaspace       used 11850K, committed 12032K, reserved 1114112K
  class space    used 1242K, committed 1344K, reserved 1048576K
}
Event: 468390.694 GC heap before
{Heap before GC invocations=216 (full 0):
 garbage-first heap   total 131072K, used 81113K [0x0000000080a00000, 0x0000000100000000)
  region size 1024K, 76 young (77824K), 2 survivors (2048K)
 Metaspace       used 11850K, committed 12032K, reserved 1114112K
  class space    used 1242K, committed 1344K, reserved 1048576K
}
Event: 468390.702 GC heap after
{Heap after GC invocations=217 (full 0):
 garbage-first heap   total 131072K, used 5337K [0x0000000080a00000, 0x0000000100000000)
  region size 1024K, 2 young (2048K), 2 survivors (2048K)
 Metaspace       used 11850K, committed 12032K, reserved 1114112K
  class space    used 1242K, committed 1344K, reserved 1048576K
}
Event: 470566.127 GC heap before
{Heap before GC invocations=217 (full 0):
 garbage-first heap   total 131072K, used 81113K [0x0000000080a00000, 0x0000000100000000)
  region size 1024K, 76 young (77824K), 2 survivors (2048K)
 Metaspace       used 11850K, committed 12032K, reserved 1114112K
  class space    used 1242K, committed 1344K, reserved 1048576K
}
Event: 470566.136 GC heap after
{Heap after GC invocations=218 (full 0):
 garbage-first heap   total 131072K, used 5279K [0x0000000080a00000, 0x0000000100000000)
  region size 1024K, 2 young (2048K), 2 survivors (2048K)
 Metaspace       used 11850K, committed 12032K, reserved 1114112K
  class space    used 1242K, committed 1344K, reserved 1048576K
}

